[CRUISE] change wallpaper cruise start...
[CRUISE] download wallpaper cruise start...
[CRUISER] start download time:  2017-05-03 23:31:00
I am alive.
I am alive.
I am alive.
I am alive.
I am alive.
I am alive.
I am alive.
I am alive.
I am alive.
I am alive.
I am alive.
I am alive.
I am alive.
I am alive.
I am alive.
I am alive.
I am alive.
I am alive.
I am alive.
I am alive.
I am alive.
I am alive.
I am alive.
I am alive.
I am alive.
I am alive.
I am alive.
I am alive.
I am alive.
I am alive.
I am alive.
I am alive.
I am alive.
I am alive.
I am alive.
I am alive.
I am alive.
I am alive.
I am alive.
I am alive.
I am alive.
I am alive.
I am alive.
I am alive.
I am alive.
I am alive.
I am alive.
I am alive.
I am alive.
I am alive.
I am alive.
I am alive.
I am alive.
I am alive.
I am alive.
I am alive.
I am alive.
I am alive.
I am alive.
I am alive.
I am alive.
I am alive.
I am alive.
I am alive.
I am alive.
I am alive.
I am alive.
I am alive.
I am alive.
I am alive.
I am alive.
I am alive.
I am alive.
I am alive.
I am alive.
I am alive.
I am alive.
I am alive.
I am alive.
I am alive.
I am alive.
I am alive.
I am alive.
I am alive.
I am alive.
I am alive.
I am alive.
I am alive.
I am alive.
I am alive.
I am alive.
I am alive.
I am alive.
I am alive.
I am alive.
I am alive.
I am alive.
I am alive.
I am alive.
I am alive.
I am alive.
I am alive.
I am alive.
I am alive.
I am alive.
I am alive.
I am alive.
I am alive.
I am alive.
I am alive.
I am alive.
I am alive.
I am alive.
I am alive.
I am alive.
I am alive.
I am alive.
I am alive.
I am alive.
I am alive.
I am alive.
I am alive.
I am alive.
I am alive.
I am alive.
I am alive.
I am alive.
I am alive.
I am alive.
I am alive.
I am alive.
I am alive.
I am alive.
I am alive.
I am alive.
I am alive.
I am alive.
I am alive.
I am alive.
I am alive.
I am alive.
I am alive.
I am alive.
I am alive.
I am alive.
I am alive.
I am alive.
I am alive.
I am alive.
I am alive.
I am alive.
I am alive.
I am alive.
I am alive.
I am alive.
I am alive.
I am alive.
I am alive.
I am alive.
I am alive.
I am alive.
I am alive.
I am alive.
I am alive.
I am alive.
I am alive.
I am alive.
I am alive.
I am alive.
I am alive.
I am alive.
I am alive.
I am alive.
I am alive.
I am alive.
I am alive.
I am alive.
I am alive.
I am alive.
I am alive.
I am alive.
I am alive.
I am alive.
I am alive.
I am alive.
I am alive.
I am alive.
I am alive.
I am alive.
I am alive.
I am alive.
I am alive.
I am alive.
I am alive.
I am alive.
I am alive.
I am alive.
I am alive.
I am alive.
I am alive.
I am alive.
I am alive.
I am alive.
I am alive.
I am alive.
I am alive.
I am alive.
I am alive.
I am alive.
I am alive.
I am alive.
I am alive.
I am alive.
I am alive.
I am alive.
I am alive.
I am alive.
I am alive.
I am alive.
I am alive.
I am alive.
I am alive.
I am alive.
I am alive.
I am alive.
I am alive.
I am alive.
I am alive.
I am alive.
I am alive.
I am alive.
I am alive.
I am alive.
I am alive.
I am alive.
I am alive.
I am alive.
I am alive.
I am alive.
I am alive.
I am alive.
I am alive.
I am alive.
I am alive.
I am alive.
I am alive.
I am alive.
I am alive.
I am alive.
I am alive.
I am alive.
I am alive.
I am alive.
I am alive.
I am alive.
I am alive.
I am alive.
I am alive.
I am alive.
I am alive.
I am alive.
I am alive.
I am alive.
I am alive.
I am alive.
I am alive.
I am alive.
I am alive.
I am alive.
I am alive.
I am alive.
I am alive.
I am alive.
I am alive.
I am alive.
I am alive.
I am alive.
I am alive.
I am alive.
I am alive.
I am alive.
I am alive.
I am alive.
I am alive.
I am alive.
I am alive.
I am alive.
I am alive.
I am alive.
I am alive.
I am alive.
I am alive.
I am alive.
I am alive.
I am alive.
I am alive.
I am alive.
I am alive.
I am alive.
I am alive.
I am alive.
I am alive.
I am alive.
I am alive.
I am alive.
I am alive.
I am alive.
I am alive.
I am alive.
I am alive.
I am alive.
I am alive.
I am alive.
I am alive.
I am alive.
I am alive.
I am alive.
I am alive.
I am alive.
I am alive.
I am alive.
I am alive.
I am alive.
I am alive.
I am alive.
I am alive.
I am alive.
I am alive.
I am alive.
I am alive.
I am alive.
I am alive.
I am alive.
I am alive.
I am alive.
I am alive.
I am alive.
I am alive.
I am alive.
I am alive.
I am alive.
I am alive.
I am alive.
I am alive.
I am alive.
I am alive.
I am alive.
I am alive.
I am alive.
I am alive.
I am alive.
I am alive.
I am alive.
I am alive.
I am alive.
I am alive.
I am alive.
I am alive.
I am alive.
I am alive.
I am alive.
I am alive.
I am alive.
I am alive.
I am alive.
I am alive.
I am alive.
I am alive.
I am alive.
I am alive.
I am alive.
I am alive.
I am alive.
I am alive.
I am alive.
I am alive.
I am alive.
I am alive.
I am alive.
I am alive.
I am alive.
I am alive.
I am alive.
I am alive.
I am alive.
I am alive.
I am alive.
I am alive.
I am alive.
I am alive.
I am alive.
I am alive.
I am alive.
I am alive.
I am alive.
I am alive.
I am alive.
I am alive.
I am alive.
I am alive.
I am alive.
I am alive.
I am alive.
I am alive.
I am alive.
I am alive.
I am alive.
I am alive.
I am alive.
I am alive.
I am alive.
I am alive.
I am alive.
I am alive.
I am alive.
I am alive.
I am alive.
I am alive.
I am alive.
I am alive.
I am alive.
I am alive.
I am alive.
I am alive.
I am alive.
I am alive.
I am alive.
I am alive.
I am alive.
I am alive.
I am alive.
I am alive.
I am alive.
I am alive.
I am alive.
I am alive.
I am alive.
I am alive.
I am alive.
I am alive.
I am alive.
I am alive.
I am alive.
I am alive.
I am alive.
I am alive.
I am alive.
I am alive.
I am alive.
I am alive.
I am alive.
I am alive.
I am alive.
I am alive.
I am alive.
I am alive.
I am alive.
I am alive.
I am alive.
[WALLPAPER SCRAPER] all images downloaded.!!!!!!
[CRUISER] start download time:  2017-05-03 23:31:00
I am alive.
I am alive.
I am alive.
I am alive.
I am alive.
I am alive.
I am alive.
I am alive.
I am alive.
I am alive.
I am alive.
I am alive.
I am alive.
I am alive.
I am alive.
I am alive.
I am alive.
I am alive.
I am alive.
I am alive.
I am alive.
I am alive.
I am alive.
I am alive.
I am alive.
I am alive.
I am alive.
I am alive.
I am alive.
I am alive.
I am alive.
I am alive.
I am alive.
I am alive.
I am alive.
I am alive.
I am alive.
I am alive.
I am alive.
I am alive.
I am alive.
I am alive.
I am alive.
I am alive.
I am alive.
I am alive.
I am alive.
I am alive.
I am alive.
I am alive.
I am alive.
I am alive.
I am alive.
I am alive.
I am alive.
I am alive.
I am alive.
I am alive.
I am alive.
I am alive.
I am alive.
I am alive.
I am alive.
I am alive.
I am alive.
I am alive.
I am alive.
I am alive.
I am alive.
I am alive.
I am alive.
I am alive.
I am alive.
I am alive.
I am alive.
I am alive.
I am alive.
I am alive.
I am alive.
I am alive.
I am alive.
I am alive.
I am alive.
I am alive.
I am alive.
I am alive.
I am alive.
I am alive.
I am alive.
I am alive.
I am alive.
I am alive.
I am alive.
I am alive.
I am alive.
I am alive.
I am alive.
I am alive.
I am alive.
I am alive.
I am alive.
I am alive.
I am alive.
I am alive.
I am alive.
I am alive.
I am alive.
I am alive.
I am alive.
I am alive.
I am alive.
I am alive.
I am alive.
I am alive.
I am alive.
I am alive.
I am alive.
I am alive.
I am alive.
I am alive.
I am alive.
I am alive.
I am alive.
I am alive.
I am alive.
I am alive.
I am alive.
I am alive.
I am alive.
I am alive.
I am alive.
I am alive.
I am alive.
I am alive.
I am alive.
I am alive.
I am alive.
I am alive.
I am alive.
I am alive.
I am alive.
I am alive.
I am alive.
I am alive.
I am alive.
I am alive.
I am alive.
I am alive.
I am alive.
I am alive.
I am alive.
I am alive.
I am alive.
I am alive.
I am alive.
I am alive.
I am alive.
I am alive.
I am alive.
I am alive.
I am alive.
I am alive.
I am alive.
I am alive.
I am alive.
I am alive.
I am alive.
I am alive.
I am alive.
I am alive.
I am alive.
I am alive.
I am alive.
I am alive.
I am alive.
I am alive.
I am alive.
I am alive.
I am alive.
I am alive.
I am alive.
I am alive.
I am alive.
I am alive.
I am alive.
I am alive.
I am alive.
I am alive.
I am alive.
I am alive.
I am alive.
I am alive.
I am alive.
I am alive.
I am alive.
I am alive.
I am alive.
I am alive.
I am alive.
I am alive.
I am alive.
I am alive.
I am alive.
I am alive.[CRUISE] change wallpaper cruise start...
[CRUISE] download wallpaper cruise start...
[CRUISER] start download time:  2017-05-04 23:31:00
I am alive.
I am alive.
I am alive.
I am alive.
I am alive.
I am alive.
I am alive.
I am alive.
I am alive.
I am alive.
I am alive.
I am alive.
I am alive.
I am alive.
I am alive.
I am alive.
I am alive.
I am alive.
I am alive.
I am alive.
I am alive.
I am alive.
I am alive.
I am alive.
I am alive.
I am alive.
I am alive.
I am alive.
I am alive.
I am alive.
I am alive.
I am alive.
I am alive.
I am alive.
I am alive.
I am alive.
I am alive.
I am alive.
I am alive.
I am alive.
I am alive.
I am alive.
I am alive.
I am alive.
I am alive.
I am alive.
I am alive.
I am alive.
I am alive.
I am alive.
I am alive.
I am alive.
I am alive.
I am alive.
I am alive.
I am alive.
I am alive.
I am alive.
I am alive.
I am alive.
I am alive.
I am alive.
I am alive.
I am alive.
I am alive.
I am alive.
I am alive.
I am alive.
I am alive.
I am alive.
I am alive.
I am alive.
I am alive.
I am alive.
I am alive.
I am alive.
I am alive.
I am alive.
I am alive.
I am alive.
I am alive.
I am alive.
I am alive.
I am alive.
I am alive.
I am alive.
I am alive.
I am alive.
I am alive.
I am alive.
I am alive.
I am alive.
I am alive.
I am alive.
I am alive.
I am alive.
I am alive.
I am alive.
I am alive.
I am alive.
I am alive.
I am alive.
I am alive.
I am alive.
I am alive.
I am alive.
I am alive.
I am alive.
I am alive.
I am alive.
I am alive.
I am alive.
I am alive.
I am alive.
I am alive.
I am alive.
I am alive.
I am alive.
I am alive.
I am alive.
I am alive.
I am alive.
I am alive.
I am alive.
I am alive.
I am alive.
I am alive.
I am alive.
I am alive.
I am alive.
I am alive.
I am alive.
I am alive.
I am alive.
I am alive.
I am alive.
I am alive.
I am alive.
I am alive.
I am alive.
I am alive.
I am alive.
I am alive.
I am alive.
I am alive.
I am alive.
I am alive.
I am alive.
I am alive.
I am alive.
I am alive.
I am alive.
I am alive.
I am alive.
I am alive.
I am alive.
I am alive.
I am alive.
I am alive.
I am alive.
I am alive.
I am alive.
I am alive.
I am alive.
I am alive.
I am alive.
I am alive.
I am alive.
I am alive.
I am alive.
I am alive.
I am alive.
I am alive.
I am alive.
I am alive.
I am alive.
I am alive.
I am alive.
I am alive.
I am alive.
I am alive.
I am alive.
I am alive.
I am alive.
I am alive.
I am alive.
I am alive.
I am alive.
I am alive.
I am alive.
I am alive.
I am alive.
I am alive.
I am alive.
I am alive.
I am alive.
I am alive.
I am alive.
I am alive.
I am alive.
I am alive.
I am alive.
I am alive.
I am alive.
I am alive.
I am alive.
I am alive.
I am alive.
I am alive.
I am alive.
I am alive.
I am alive.
I am alive.
I am alive.
I am alive.
I am alive.
I am alive.
I am alive.
I am alive.
I am alive.
I am alive.
I am alive.
I am alive.
I am alive.
I am alive.
I am alive.
I am alive.
I am alive.
I am alive.
I am alive.
I am alive.
I am alive.
I am alive.
I am alive.
I am alive.
I am alive.
I am alive.
I am alive.
I am alive.
I am alive.
I am alive.
I am alive.
I am alive.
I am alive.
I am alive.
I am alive.
I am alive.
I am alive.
I am alive.
I am alive.
I am alive.
I am alive.
I am alive.
I am alive.
I am alive.
I am alive.
I am alive.
I am alive.
I am alive.
I am alive.
I am alive.
I am alive.
I am alive.
I am alive.
I am alive.
I am alive.
I am alive.
I am alive.
I am alive.
I am alive.
I am alive.
I am alive.
I am alive.
I am alive.
I am alive.
I am alive.
I am alive.
I am alive.
I am alive.
I am alive.
I am alive.
I am alive.
I am alive.
I am alive.
I am alive.
I am alive.
I am alive.
I am alive.
I am alive.
I am alive.
I am alive.
I am alive.
I am alive.
I am alive.
I am alive.
I am alive.
I am alive.
I am alive.
I am alive.
I am alive.
I am alive.
I am alive.
I am alive.
I am alive.
I am alive.
I am alive.
I am alive.
I am alive.
I am alive.
I am alive.
I am alive.
I am alive.
I am alive.
I am alive.
I am alive.
I am alive.
I am alive.
I am alive.
I am alive.
I am alive.
I am alive.
I am alive.
I am alive.
I am alive.
I am alive.
[WALLPAPER SCRAPER] all images downloaded.!!!!!!
[CRUISER] start download time:  2017-05-04 23:31:00
I am alive.
I am alive.
I am alive.
I am alive.
I am alive.
I am alive.
I am alive.
I am alive.
I am alive.
I am alive.
I am alive.
I am alive.
I am alive.
I am alive.
I am alive.
I am alive.
I am alive.
I am alive.
I am alive.
I am alive.
I am alive.
I am alive.
I am alive.
I am alive.
I am alive.
I am alive.
I am alive.
I am alive.
I am alive.
I am alive.
I am alive.
I am alive.
I am alive.
I am alive.
I am alive.
I am alive.
I am alive.
I am alive.
I am alive.
I am alive.
I am alive.
I am alive.
I am alive.
I am alive.
I am alive.
I am alive.
I am alive.
I am alive.
I am alive.
I am alive.
I am alive.
I am alive.
I am alive.
I am alive.
I am alive.
I am alive.
I am alive.
I am alive.
I am alive.
I am alive.
I am alive.
I am alive.
I am alive.
I am alive.
I am alive.
I am alive.
I am alive.
I am alive.
I am alive.
I am alive.
I am alive.
I am alive.
I am alive.
I am alive.
I am alive.
I am alive.
I am alive.
I am alive.
I am alive.
I am alive.
I am alive.
I am alive.
I am alive.
I am alive.
I am alive.
I am alive.
I am alive.
I am alive.
I am alive.
I am alive.
I am alive.
I am alive.
I am alive.
I am alive.
I am alive.
I am alive.
I am alive.
I am alive.
I am alive.
I am alive.
I am alive.
I am alive.
I am alive.
I am alive.
I am alive.
I am alive.
I am alive.
I am alive.
I am alive.
I am alive.
I am alive.
I am alive.
I am alive.
I am alive.
I am alive.
I am alive.
I am alive.
I am alive.
I am alive.
I am alive.
I am alive.
I am alive.
I am alive.
I am alive.
I am alive.
I am alive.
I am alive.
I am alive.
I am alive.
I am alive.
I am alive.
I am alive.
I am alive.
I am alive.
I am alive.
I am alive.
I am alive.
I am alive.
I am alive.
I am alive.
I am alive.
I am alive.
I am alive.
I am alive.
I am alive.
I am alive.
I am alive.
I am alive.
I am alive.
I am alive.
I am alive.
I am alive.
I am alive.
I am alive.
I am alive.
I am alive.
I am alive.
I am alive.
I am alive.
I am alive.
I am alive.
I am alive.
I am alive.
I am alive.
I am alive.
I am alive.
I am alive.
I am alive.
I am alive.
I am alive.
I am alive.
I am alive.
I am alive.
I am alive.
I am alive.
I am alive.
I am alive.
I am alive.
I am alive.
I am alive.
I am alive.
I am alive.
I am alive.
I am alive.
I am alive.
I am alive.
I am alive.
I am alive.
I am alive.
I am alive.
I am alive.
I am alive.
I am alive.
I am alive.
I am alive.
I am alive.
I am alive.
I am alive.
I am alive.
I am alive.
I am alive.
I am alive.
I am alive.
I am alive.
I am alive.
I am alive.
I am alive.
I am alive.
I am alive.
I am alive.
I am alive.
I am alive.
I am alive.
I am alive.
I am alive.
I am alive.
I am alive.
I am alive.
I am alive.
I am alive.
I am alive.
I am alive.
I am alive.
I am alive.
I am alive.
I am alive.
I am alive.
I am alive.
I am alive.
I am alive.
I am alive.
I am alive.
I am alive.
I am alive.
I am alive.
I am alive.
I am alive.
I am alive.
I am alive.
I am alive.
I am alive.
I am alive.
I am alive.
I am alive.
I am alive.
I am alive.
I am alive.
I am alive.
I am alive.
I am alive.
I am alive.
I am alive.
I am alive.
I am alive.
I am alive.
I am alive.
I am alive.
I am alive.
I am alive.
I am alive.
I am alive.
I am alive.
I am alive.
I am alive.
I am alive.
I am alive.
I am alive.
I am alive.
I am alive.
I am alive.
I am alive.
I am alive.
I am alive.
I am alive.
I am alive.
I am alive.
I am alive.
I am alive.
I am alive.
I am alive.
I am alive.
I am alive.
I am alive.
I am alive.
I am alive.
I am alive.
I am alive.
I am alive.
I am alive.
I am alive.
I am alive.
I am alive.
I am alive.
I am alive.
I am alive.
I am alive.
I am alive.
I am alive.
I am alive.
I am alive.
I am alive.
I am alive.
I am alive.
I am alive.
I am alive.
I am alive.
I am alive.
I am alive.
I am alive.
I am alive.
I am alive.
I am alive.
I am alive.
I am alive.
I am alive.
I am alive.
I am alive.
I am alive.
I am alive.
I am alive.
I am alive.
I am alive.
I am alive.
I am alive.
I am alive.
I am alive.
I am alive.
I am alive.
I am alive.
I am alive.
I am alive.
I am alive.
I am alive.
I am alive.
I am alive.
I am alive.
I am alive.
I am alive.
I am alive.
I am alive.
I am alive.
I am alive.
I am alive.
I am alive.
I am alive.
I am alive.
I am alive.
I am alive.
I am alive.
I am alive.
I am alive.
I am alive.
I am alive.
I am alive.
I am alive.
I am alive.
I am alive.
I am alive.
I am alive.
I am alive.
I am alive.
I am alive.
I am alive.
I am alive.
I am alive.
I am alive.
I am alive.
I am alive.
I am alive.
I am alive.
I am alive.
I am alive.
I am alive.
I am alive.
I am alive.
I am alive.
I am alive.
I am alive.
I am alive.
I am alive.
I am alive.
I am alive.
I am alive.
I am alive.
I am alive.
I am alive.
I am alive.
I am alive.
I am alive.
I am alive.
I am alive.
I am alive.
I am alive.
I am alive.
I am alive.
I am alive.
I am alive.
I am alive.
I am alive.
I am alive.
I am alive.
I am alive.
I am alive.
I am alive.
I am alive.
I am alive.
I am alive.
I am alive.
I am alive.
I am alive.
I am alive.
I am alive.
I am alive.
I am alive.
I am alive.
I am alive.
I am alive.
I am alive.
I am alive.
I am alive.
I am alive.
I am alive.
I am alive.
I am alive.
I am alive.
I am alive.
I am alive.
I am alive.
I am alive.
I am alive.
I am alive.
I am alive.
I am alive.
I am alive.
I am alive.
I am alive.
I am alive.
I am alive.
I am alive.
I am alive.
I am alive.
I am alive.
I am alive.
I am alive.
I am alive.
I am alive.
I am alive.
I am alive.
I am alive.
I am alive.
I am alive.
I am alive.
I am alive.
I am alive.
I am alive.
I am alive.
I am alive.
I am alive.
I am alive.
I am alive.
I am alive.
I am alive.
I am alive.
I am alive.
I am alive.
I am alive.
I am alive.
I am alive.
I am alive.
I am alive.
I am alive.
I am alive.
I am alive.
I am alive.
I am alive.
I am alive.
I am alive.
I am alive.
I am alive.
I am alive.
I am alive.
I am alive.
I am alive.
I am alive.
I am alive.
I am alive.
I am alive.
I am alive.
I am alive.
I am alive.
I am alive.
I am alive.
I am alive.
I am alive.
I am alive.
I am alive.
I am alive.
I am alive.
I am alive.
I am alive.
I am alive.
I am alive.
I am alive.
I am alive.
I am alive.
I am alive.
I am alive.
I am alive.
I am alive.
I am alive.
I am alive.
I am alive.
I am alive.
I am alive.
I am alive.
I am alive.
I am alive.
I am alive.
I am alive.
I am alive.
I am alive.
I am alive.
I am alive.
I am alive.
I am alive.
I am alive.
I am alive.
I am alive.
I am alive.
I am alive.
I am alive.
I am alive.
I am alive.
I am alive.
I am alive.
I am alive.
I am alive.
I am alive.
I am alive.
I am alive.
I am alive.
I am alive.
I am alive.
I am alive.
I am alive.
I am alive.
I am alive.
I am alive.
I am alive.
I am alive.
I am alive.
I am alive.
I am alive.
I am alive.
I am alive.
I am alive.
I am alive.
I am alive.
I am alive.
I am alive.
I am alive.
I am alive.
I am alive.
I am alive.
I am alive.
I am alive.
I am alive.
I am alive.
I am alive.
I am alive.
I am alive.
I am alive.
I am alive.
I am alive.
I am alive.
I am alive.
I am alive.
I am alive.
I am alive.
I am alive.
I am alive.
I am alive.
I am alive.
I am alive.
I am alive.
I am alive.
I am alive.
I am alive.
I am alive.
I am alive.
I am alive.
I am alive.
I am alive.
I am alive.
I am alive.
I am alive.
I am alive.
I am alive.
I am alive.
I am alive.
I am alive.
I am alive.
I am alive.
I am alive.
I am alive.
I am alive.
I am alive.
I am alive.
I am alive.
I am alive.
I am alive.
I am alive.
I am alive.
I am alive.
I am alive.
I am alive.
I am alive.
I am alive.
I am alive.
I am alive.
I am alive.
I am alive.
I am alive.
I am alive.
I am alive.
I am alive.
I am alive.
I am alive.
I am alive.
I am alive.
I am alive.
I am alive.
I am alive.
I am alive.
I am alive.
I am alive.
I am alive.
I am alive.
I am alive.
I am alive.
I am alive.
I am alive.
I am alive.
I am alive.
I am alive.
I am alive.
I am alive.
I am alive.
I am alive.
I am alive.
I am alive.
I am alive.
I am alive.
I am alive.
I am alive.
I am alive.
I am alive.
I am alive.
I am alive.
I am alive.
I am alive.
I am alive.
I am alive.
I am alive.
I am alive.
I am alive.
I am alive.
I am alive.
I am alive.
I am alive.
I am alive.
I am alive.
I am alive.
I am alive.
I am alive.
I am alive.
I am alive.
I am alive.
I am alive.
I am alive.
I am alive.
I am alive.
I am alive.
I am alive.
I am alive.
I am alive.
I am alive.
I am alive.
I am alive.
I am alive.
I am alive.
I am alive.
I am alive.
I am alive.
I am alive.
I am alive.
I am alive.
I am alive.
I am alive.
I am alive.
I am alive.
I am alive.
I am alive.
I am alive.
I am alive.
I am alive.
I am alive.
I am alive.
I am alive.
I am alive.
I am alive.
I am alive.
I am alive.
I am alive.
I am alive.
I am alive.
I am alive.
I am alive.
I am alive.
I am alive.
[WALLPAPER SCRAPER] all images downloaded.!!!!!!
[CRUISER] start download time:  2017-05-05 23:31:00
I am alive.
I am alive.
I am alive.
I am alive.
I am alive.
I am alive.
I am alive.
I am alive.
I am alive.
I am alive.
I am alive.
I am alive.
I am alive.
I am alive.
I am alive.
I am alive.
I am alive.
I am alive.
I am alive.
I am alive.
I am alive.
I am alive.
I am alive.
I am alive.
I am alive.
I am alive.
I am alive.
I am alive.
I am alive.
I am alive.
I am alive.
I am alive.
I am alive.
I am alive.
I am alive.
I am alive.
I am alive.
I am alive.
I am alive.
I am alive.
I am alive.
I am alive.
I am alive.
I am alive.
I am alive.
I am alive.
I am alive.
I am alive.
I am alive.
I am alive.
I am alive.
I am alive.
I am alive.
I am alive.
I am alive.
I am alive.
I am alive.
I am alive.
I am alive.
I am alive.
I am alive.
I am alive.
I am alive.
I am alive.
I am alive.
I am alive.
I am alive.
I am alive.
I am alive.
I am alive.
I am alive.
I am alive.
I am alive.
I am alive.
I am alive.
I am alive.
I am alive.
I am alive.
I am alive.
I am alive.
I am alive.
I am alive.
I am alive.
I am alive.
I am alive.
I am alive.
I am alive.
I am alive.
I am alive.
I am alive.
I am alive.
I am alive.
I am alive.
I am alive.
I am alive.
I am alive.
I am alive.
I am alive.
I am alive.
I am alive.
I am alive.
I am alive.
I am alive.
I am alive.
I am alive.
I am alive.
I am alive.
I am alive.
I am alive.
I am alive.
I am alive.
I am alive.
I am alive.
I am alive.
I am alive.
I am alive.
I am alive.
I am alive.
I am alive.
I am alive.
I am alive.
I am alive.
I am alive.
I am alive.
I am alive.
I am alive.
I am alive.
I am alive.
I am alive.
I am alive.
I am alive.
I am alive.
I am alive.
I am alive.
I am alive.
I am alive.
I am alive.
I am alive.
I am alive.
I am alive.
I am alive.
I am alive.
I am alive.
I am alive.
I am alive.
I am alive.
I am alive.
I am alive.
I am alive.
I am alive.
I am alive.
I am alive.
I am alive.
I am alive.
I am alive.
I am alive.
I am alive.
I am alive.
I am alive.
I am alive.
I am alive.
I am alive.
I am alive.
I am alive.
I am alive.
I am alive.
I am alive.
I am alive.
I am alive.
I am alive.
I am alive.
I am alive.
I am alive.
I am alive.
I am alive.
I am alive.
I am alive.
I am alive.
I am alive.
I am alive.
I am alive.
I am alive.
I am alive.
I am alive.
I am alive.
I am alive.
I am alive.
I am alive.
I am alive.
I am alive.
I am alive.
I am alive.
I am alive.
I am alive.
I am alive.
I am alive.
I am alive.
I am alive.
I am alive.
I am alive.
I am alive.
I am alive.
I am alive.
I am alive.
I am alive.
I am alive.
I am alive.
I am alive.
I am alive.
I am alive.
I am alive.
I am alive.
I am alive.
I am alive.
I am alive.
I am alive.
I am alive.
I am alive.
I am alive.
I am alive.
I am alive.
I am alive.
I am alive.
I am alive.
I am alive.
I am alive.
I am alive.
I am alive.
I am alive.
I am alive.
I am alive.
I am alive.
I am alive.
I am alive.
I am alive.
I am alive.
I am alive.
I am alive.
I am alive.
I am alive.
I am alive.
I am alive.
I am alive.
I am alive.
I am alive.
I am alive.
I am alive.
I am alive.
I am alive.
I am alive.
I am alive.
I am alive.
I am alive.
I am alive.
I am alive.
I am alive.
I am alive.
I am alive.
I am alive.
I am alive.
I am alive.
I am alive.
I am alive.
I am alive.
I am alive.
I am alive.
I am alive.
I am alive.
I am alive.
I am alive.
I am alive.
I am alive.
I am alive.
I am alive.
I am alive.
I am alive.
I am alive.
I am alive.
I am alive.
I am alive.
I am alive.
I am alive.
I am alive.
I am alive.
I am alive.
I am alive.
I am alive.
I am alive.
I am alive.
I am alive.
I am alive.
I am alive.
I am alive.Exception in thread Thread-2:
Traceback (most recent call last):
  File "/usr/lib/python3.5/threading.py", line 914, in _bootstrap_inner
    self.run()
  File "/usr/lib/python3.5/threading.py", line 862, in run
    self._target(*self._args, **self._kwargs)
  File "/media/work/CodeSpace/PythonProjects/guardian/scrapers/wallpaper_scraper.py", line 55, in save_image_from_url
    os.makedirs(save_path)
  File "/usr/lib/python3.5/os.py", line 231, in makedirs
    makedirs(head, mode, exist_ok)
  File "/usr/lib/python3.5/os.py", line 231, in makedirs
    makedirs(head, mode, exist_ok)
  File "/usr/lib/python3.5/os.py", line 231, in makedirs
    makedirs(head, mode, exist_ok)
  File "/usr/lib/python3.5/os.py", line 241, in makedirs
    mkdir(name, mode)
PermissionError: [Errno 13] Permission denied: '/nonexistent'

Exception in thread Thread-1:
Traceback (most recent call last):
  File "/usr/lib/python3.5/threading.py", line 914, in _bootstrap_inner
    self.run()
  File "/usr/lib/python3.5/threading.py", line 862, in run
    self._target(*self._args, **self._kwargs)
  File "/media/work/CodeSpace/PythonProjects/guardian/scrapers/wallpaper_scraper.py", line 55, in save_image_from_url
    os.makedirs(save_path)
  File "/usr/lib/python3.5/os.py", line 231, in makedirs
    makedirs(head, mode, exist_ok)
  File "/usr/lib/python3.5/os.py", line 231, in makedirs
    makedirs(head, mode, exist_ok)
  File "/usr/lib/python3.5/os.py", line 231, in makedirs
    makedirs(head, mode, exist_ok)
  File "/usr/lib/python3.5/os.py", line 241, in makedirs
    mkdir(name, mode)
PermissionError: [Errno 13] Permission denied: '/nonexistent'

Exception in thread Thread-4:
Traceback (most recent call last):
  File "/usr/lib/python3.5/threading.py", line 914, in _bootstrap_inner
    self.run()
  File "/usr/lib/python3.5/threading.py", line 862, in run
    self._target(*self._args, **self._kwargs)
  File "/media/work/CodeSpace/PythonProjects/guardian/scrapers/wallpaper_scraper.py", line 55, in save_image_from_url
    os.makedirs(save_path)
  File "/usr/lib/python3.5/os.py", line 231, in makedirs
    makedirs(head, mode, exist_ok)
  File "/usr/lib/python3.5/os.py", line 231, in makedirs
    makedirs(head, mode, exist_ok)
  File "/usr/lib/python3.5/os.py", line 231, in makedirs
    makedirs(head, mode, exist_ok)
  File "/usr/lib/python3.5/os.py", line 241, in makedirs
    mkdir(name, mode)
PermissionError: [Errno 13] Permission denied: '/nonexistent'

Exception in thread Thread-3:
Traceback (most recent call last):
  File "/usr/lib/python3.5/threading.py", line 914, in _bootstrap_inner
    self.run()
  File "/usr/lib/python3.5/threading.py", line 862, in run
    self._target(*self._args, **self._kwargs)
  File "/media/work/CodeSpace/PythonProjects/guardian/scrapers/wallpaper_scraper.py", line 55, in save_image_from_url
    os.makedirs(save_path)
  File "/usr/lib/python3.5/os.py", line 231, in makedirs
    makedirs(head, mode, exist_ok)
  File "/usr/lib/python3.5/os.py", line 231, in makedirs
    makedirs(head, mode, exist_ok)
  File "/usr/lib/python3.5/os.py", line 231, in makedirs
    makedirs(head, mode, exist_ok)
  File "/usr/lib/python3.5/os.py", line 241, in makedirs
    mkdir(name, mode)
PermissionError: [Errno 13] Permission denied: '/nonexistent'

Exception in thread Thread-6:
Traceback (most recent call last):
  File "/usr/lib/python3.5/threading.py", line 914, in _bootstrap_inner
    self.run()
  File "/usr/lib/python3.5/threading.py", line 862, in run
    self._target(*self._args, **self._kwargs)
  File "/media/work/CodeSpace/PythonProjects/guardian/scrapers/wallpaper_scraper.py", line 55, in save_image_from_url
    os.makedirs(save_path)
  File "/usr/lib/python3.5/os.py", line 231, in makedirs
    makedirs(head, mode, exist_ok)
  File "/usr/lib/python3.5/os.py", line 231, in makedirs
    makedirs(head, mode, exist_ok)
  File "/usr/lib/python3.5/os.py", line 231, in makedirs
    makedirs(head, mode, exist_ok)
  File "/usr/lib/python3.5/os.py", line 241, in makedirs
    mkdir(name, mode)
PermissionError: [Errno 13] Permission denied: '/nonexistent'

Exception in thread Thread-5:
Traceback (most recent call last):
  File "/usr/lib/python3.5/threading.py", line 914, in _bootstrap_inner
    self.run()
  File "/usr/lib/python3.5/threading.py", line 862, in run
    self._target(*self._args, **self._kwargs)
  File "/media/work/CodeSpace/PythonProjects/guardian/scrapers/wallpaper_scraper.py", line 55, in save_image_from_url
    os.makedirs(save_path)
  File "/usr/lib/python3.5/os.py", line 231, in makedirs
    makedirs(head, mode, exist_ok)
  File "/usr/lib/python3.5/os.py", line 231, in makedirs
    makedirs(head, mode, exist_ok)
  File "/usr/lib/python3.5/os.py", line 231, in makedirs
    makedirs(head, mode, exist_ok)
  File "/usr/lib/python3.5/os.py", line 241, in makedirs
    mkdir(name, mode)
PermissionError: [Errno 13] Permission denied: '/nonexistent'

Exception in thread Thread-8:
Traceback (most recent call last):
  File "/usr/lib/python3.5/threading.py", line 914, in _bootstrap_inner
    self.run()
  File "/usr/lib/python3.5/threading.py", line 862, in run
    self._target(*self._args, **self._kwargs)
  File "/media/work/CodeSpace/PythonProjects/guardian/scrapers/wallpaper_scraper.py", line 55, in save_image_from_url
    os.makedirs(save_path)
  File "/usr/lib/python3.5/os.py", line 231, in makedirs
    makedirs(head, mode, exist_ok)
  File "/usr/lib/python3.5/os.py", line 231, in makedirs
    makedirs(head, mode, exist_ok)
  File "/usr/lib/python3.5/os.py", line 231, in makedirs
    makedirs(head, mode, exist_ok)
  File "/usr/lib/python3.5/os.py", line 241, in makedirs
    mkdir(name, mode)
PermissionError: [Errno 13] Permission denied: '/nonexistent'

Exception in thread Thread-7:
Traceback (most recent call last):
  File "/usr/lib/python3.5/threading.py", line 914, in _bootstrap_inner
    self.run()
  File "/usr/lib/python3.5/threading.py", line 862, in run
    self._target(*self._args, **self._kwargs)
  File "/media/work/CodeSpace/PythonProjects/guardian/scrapers/wallpaper_scraper.py", line 55, in save_image_from_url
    os.makedirs(save_path)
  File "/usr/lib/python3.5/os.py", line 231, in makedirs
    makedirs(head, mode, exist_ok)
  File "/usr/lib/python3.5/os.py", line 231, in makedirs
    makedirs(head, mode, exist_ok)
  File "/usr/lib/python3.5/os.py", line 231, in makedirs
    makedirs(head, mode, exist_ok)
  File "/usr/lib/python3.5/os.py", line 241, in makedirs
    mkdir(name, mode)
PermissionError: [Errno 13] Permission denied: '/nonexistent'

Exception in thread download_wallpaper:
Traceback (most recent call last):
  File "/usr/local/lib/python3.5/dist-packages/requests/packages/urllib3/connection.py", line 141, in _new_conn
    (self.host, self.port), self.timeout, **extra_kw)
  File "/usr/local/lib/python3.5/dist-packages/requests/packages/urllib3/util/connection.py", line 83, in create_connection
    raise err
  File "/usr/local/lib/python3.5/dist-packages/requests/packages/urllib3/util/connection.py", line 73, in create_connection
    sock.connect(sa)
TimeoutError: [Errno 110] Connection timed out

During handling of the above exception, another exception occurred:

Traceback (most recent call last):
  File "/usr/local/lib/python3.5/dist-packages/requests/packages/urllib3/connectionpool.py", line 600, in urlopen
    chunked=chunked)
  File "/usr/local/lib/python3.5/dist-packages/requests/packages/urllib3/connectionpool.py", line 345, in _make_request
    self._validate_conn(conn)
  File "/usr/local/lib/python3.5/dist-packages/requests/packages/urllib3/connectionpool.py", line 844, in _validate_conn
    conn.connect()
  File "/usr/local/lib/python3.5/dist-packages/requests/packages/urllib3/connection.py", line 284, in connect
    conn = self._new_conn()
  File "/usr/local/lib/python3.5/dist-packages/requests/packages/urllib3/connection.py", line 150, in _new_conn
    self, "Failed to establish a new connection: %s" % e)
requests.packages.urllib3.exceptions.NewConnectionError: <requests.packages.urllib3.connection.VerifiedHTTPSConnection object at 0x7f95977d9e10>: Failed to establish a new connection: [Errno 110] Connection timed out

During handling of the above exception, another exception occurred:

Traceback (most recent call last):
  File "/usr/local/lib/python3.5/dist-packages/requests/adapters.py", line 423, in send
    timeout=timeout
  File "/usr/local/lib/python3.5/dist-packages/requests/packages/urllib3/connectionpool.py", line 649, in urlopen
    _stacktrace=sys.exc_info()[2])
  File "/usr/local/lib/python3.5/dist-packages/requests/packages/urllib3/util/retry.py", line 376, in increment
    raise MaxRetryError(_pool, url, error or ResponseError(cause))
requests.packages.urllib3.exceptions.MaxRetryError: HTTPSConnectionPool(host='www.pexels.com', port=443): Max retries exceeded with url: / (Caused by NewConnectionError('<requests.packages.urllib3.connection.VerifiedHTTPSConnection object at 0x7f95977d9e10>: Failed to establish a new connection: [Errno 110] Connection timed out',))

During handling of the above exception, another exception occurred:

Traceback (most recent call last):
  File "/usr/lib/python3.5/threading.py", line 914, in _bootstrap_inner
    self.run()
  File "/usr/lib/python3.5/threading.py", line 862, in run
    self._target(*self._args, **self._kwargs)
  File "/media/work/CodeSpace/PythonProjects/guardian/cruiser/download_wallpapers_cruiser.py", line 47, in cruise_download_wallpaper
    self.download_wallpaper()
  File "/media/work/CodeSpace/PythonProjects/guardian/cruiser/download_wallpapers_cruiser.py", line 36, in download_wallpaper
    wallpaper_scraper.scrap()
  File "/media/work/CodeSpace/PythonProjects/guardian/scrapers/wallpaper_scraper.py", line 83, in scrap
    self._get_html()
  File "/media/work/CodeSpace/PythonProjects/guardian/scrapers/wallpaper_scraper.py", line 39, in _get_html
    response = requests.get(self.base_url, headers=headers)
  File "/usr/local/lib/python3.5/dist-packages/requests/api.py", line 70, in get
    return request('get', url, params=params, **kwargs)
  File "/usr/local/lib/python3.5/dist-packages/requests/api.py", line 56, in request
    return session.request(method=method, url=url, **kwargs)
  File "/usr/local/lib/python3.5/dist-packages/requests/sessions.py", line 488, in request
    resp = self.send(prep, **send_kwargs)
  File "/usr/local/lib/python3.5/dist-packages/requests/sessions.py", line 609, in send
    r = adapter.send(request, **kwargs)
  File "/usr/local/lib/python3.5/dist-packages/requests/adapters.py", line 487, in send
    raise ConnectionError(e, request=request)
requests.exceptions.ConnectionError: HTTPSConnectionPool(host='www.pexels.com', port=443): Max retries exceeded with url: / (Caused by NewConnectionError('<requests.packages.urllib3.connection.VerifiedHTTPSConnection object at 0x7f95977d9e10>: Failed to establish a new connection: [Errno 110] Connection timed out',))

I am alive.
I am alive.
I am alive.
I am alive.
I am alive.
I am alive.
I am alive.
I am alive.
I am alive.
I am alive.
I am alive.
I am alive.
I am alive.
I am alive.
I am alive.
I am alive.
I am alive.
I am alive.
I am alive.
I am alive.
I am alive.
I am alive.
I am alive.
I am alive.
I am alive.
I am alive.
I am alive.
I am alive.
I am alive.
I am alive.
I am alive.
I am alive.
I am alive.
I am alive.
I am alive.
I am alive.
I am alive.
I am alive.
I am alive.
I am alive.
I am alive.
I am alive.
I am alive.
I am alive.
I am alive.
I am alive.
I am alive.
I am alive.
I am alive.
I am alive.
I am alive.
I am alive.
I am alive.
I am alive.
I am alive.
I am alive.
I am alive.
I am alive.
I am alive.
I am alive.
I am alive.
I am alive.
I am alive.
I am alive.
I am alive.
I am alive.
I am alive.
I am alive.
I am alive.
I am alive.
I am alive.
I am alive.
I am alive.
I am alive.
I am alive.
I am alive.
I am alive.
I am alive.
I am alive.
I am alive.
I am alive.
I am alive.
I am alive.
I am alive.
I am alive.
I am alive.
I am alive.
I am alive.
I am alive.
I am alive.
I am alive.
I am alive.
I am alive.
I am alive.
I am alive.
I am alive.
I am alive.
I am alive.
I am alive.
I am alive.
I am alive.
I am alive.
I am alive.
I am alive.
I am alive.
I am alive.
I am alive.
I am alive.
I am alive.
I am alive.
I am alive.
I am alive.
I am alive.
I am alive.
I am alive.
I am alive.
I am alive.
I am alive.
I am alive.
I am alive.
I am alive.
I am alive.
I am alive.
I am alive.
I am alive.
I am alive.
I am alive.
I am alive.
I am alive.
I am alive.
I am alive.
I am alive.
I am alive.
I am alive.
I am alive.
I am alive.
I am alive.
I am alive.
I am alive.
I am alive.
I am alive.
I am alive.
I am alive.
I am alive.
I am alive.
I am alive.
I am alive.
I am alive.
I am alive.
I am alive.
I am alive.
I am alive.
I am alive.
I am alive.
I am alive.
I am alive.
I am alive.
I am alive.
I am alive.
I am alive.
I am alive.
I am alive.
I am alive.
I am alive.
I am alive.
I am alive.
I am alive.
I am alive.
I am alive.
I am alive.
I am alive.
I am alive.
I am alive.
I am alive.
I am alive.
I am alive.
I am alive.
I am alive.
I am alive.
I am alive.
I am alive.
I am alive.
I am alive.
I am alive.
I am alive.
I am alive.
I am alive.
I am alive.
I am alive.
I am alive.
I am alive.
I am alive.
I am alive.
I am alive.
I am alive.
I am alive.
I am alive.
I am alive.
I am alive.
I am alive.
I am alive.
I am alive.
I am alive.
I am alive.
I am alive.
I am alive.
I am alive.
I am alive.
I am alive.
I am alive.
I am alive.
I am alive.
I am alive.
I am alive.
I am alive.
I am alive.
I am alive.
I am alive.
I am alive.
I am alive.
I am alive.
I am alive.
I am alive.
I am alive.
I am alive.
I am alive.
I am alive.
I am alive.
I am alive.
I am alive.
I am alive.
I am alive.
I am alive.
I am alive.
I am alive.
I am alive.
I am alive.
I am alive.
I am alive.
I am alive.
I am alive.
I am alive.
I am alive.
I am alive.
I am alive.
I am alive.
I am alive.
I am alive.
I am alive.
I am alive.
I am alive.
I am alive.
I am alive.
I am alive.
I am alive.
I am alive.
I am alive.
I am alive.
I am alive.
I am alive.
I am alive.
I am alive.
I am alive.
I am alive.
I am alive.
I am alive.
I am alive.
I am alive.
I am alive.
I am alive.
I am alive.
I am alive.
I am alive.
I am alive.
I am alive.
I am alive.
I am alive.
I am alive.
I am alive.
I am alive.
I am alive.
I am alive.
I am alive.
I am alive.
I am alive.
I am alive.
I am alive.
I am alive.
I am alive.
I am alive.
I am alive.
I am alive.
I am alive.
I am alive.
I am alive.
I am alive.
I am alive.
I am alive.
I am alive.
I am alive.
I am alive.
I am alive.
I am alive.
I am alive.
I am alive.
I am alive.
I am alive.
I am alive.
I am alive.
I am alive.
I am alive.
I am alive.
I am alive.
I am alive.
I am alive.
I am alive.
I am alive.
I am alive.
I am alive.
I am alive.
I am alive.
I am alive.
I am alive.
I am alive.
I am alive.
I am alive.
I am alive.
I am alive.
I am alive.
I am alive.
I am alive.
I am alive.
I am alive.
I am alive.
I am alive.
I am alive.
I am alive.
I am alive.
I am alive.
I am alive.
I am alive.
I am alive.
I am alive.
I am alive.
I am alive.
I am alive.
I am alive.
I am alive.
I am alive.
I am alive.
I am alive.
I am alive.
I am alive.
I am alive.
I am alive.
I am alive.
I am alive.
I am alive.
I am alive.
I am alive.
I am alive.
I am alive.
I am alive.
I am alive.
I am alive.
I am alive.
I am alive.
I am alive.
I am alive.
I am alive.
I am alive.
I am alive.
I am alive.
I am alive.
I am alive.
I am alive.
I am alive.
I am alive.
I am alive.
I am alive.
I am alive.
I am alive.
I am alive.
I am alive.
I am alive.
I am alive.
I am alive.
I am alive.
I am alive.
I am alive.
I am alive.
I am alive.
I am alive.
I am alive.
I am alive.
I am alive.
I am alive.
I am alive.
I am alive.
I am alive.
I am alive.
I am alive.
I am alive.
I am alive.
I am alive.
I am alive.
I am alive.
I am alive.
I am alive.
I am alive.
I am alive.
I am alive.
I am alive.
I am alive.
I am alive.
I am alive.
I am alive.
I am alive.
I am alive.
I am alive.
I am alive.
I am alive.
I am alive.
I am alive.
I am alive.
I am alive.
I am alive.
I am alive.
I am alive.
I am alive.
I am alive.
I am alive.
I am alive.
I am alive.
I am alive.
I am alive.
I am alive.
I am alive.
I am alive.
I am alive.
I am alive.
I am alive.
I am alive.
I am alive.
I am alive.
I am alive.
I am alive.
I am alive.
I am alive.
I am alive.
I am alive.
I am alive.
I am alive.
I am alive.
I am alive.
I am alive.
I am alive.
I am alive.
I am alive.
I am alive.
I am alive.
I am alive.
I am alive.
I am alive.
I am alive.
I am alive.
I am alive.
I am alive.
I am alive.
I am alive.
I am alive.
I am alive.
I am alive.
I am alive.
I am alive.
I am alive.
I am alive.
I am alive.
I am alive.
I am alive.
I am alive.
I am alive.
I am alive.
I am alive.
I am alive.
I am alive.
I am alive.
I am alive.
I am alive.
I am alive.
I am alive.
I am alive.
I am alive.
I am alive.
I am alive.
I am alive.
I am alive.
I am alive.
I am alive.
I am alive.
I am alive.
I am alive.
I am alive.
I am alive.
I am alive.
I am alive.
I am alive.
I am alive.
I am alive.
I am alive.
I am alive.
I am alive.
I am alive.
I am alive.
I am alive.
I am alive.
I am alive.
I am alive.
I am alive.
I am alive.
I am alive.
I am alive.
I am alive.
I am alive.
I am alive.
I am alive.
I am alive.
I am alive.
I am alive.
I am alive.
I am alive.
I am alive.
I am alive.
I am alive.
I am alive.
I am alive.
I am alive.
I am alive.
I am alive.
I am alive.
I am alive.
I am alive.
I am alive.
I am alive.
I am alive.
I am alive.
I am alive.
I am alive.
I am alive.
I am alive.
I am alive.
I am alive.
I am alive.
I am alive.
I am alive.
I am alive.
I am alive.
I am alive.
I am alive.
I am alive.
I am alive.
I am alive.
I am alive.
I am alive.
I am alive.
I am alive.
I am alive.
I am alive.
I am alive.
I am alive.
I am alive.
I am alive.
I am alive.
I am alive.
I am alive.
I am alive.
I am alive.
I am alive.
I am alive.
I am alive.
I am alive.
I am alive.
I am alive.
I am alive.
I am alive.
I am alive.
I am alive.
I am alive.
I am alive.
I am alive.
I am alive.
I am alive.
I am alive.
I am alive.
I am alive.
I am alive.
I am alive.
I am alive.
I am alive.
I am alive.
I am alive.
I am alive.
I am alive.
I am alive.
I am alive.
I am alive.
I am alive.
I am alive.
I am alive.
I am alive.
I am alive.
I am alive.
I am alive.
I am alive.
I am alive.
I am alive.
I am alive.
I am alive.
I am alive.
I am alive.
I am alive.
I am alive.
I am alive.
I am alive.
I am alive.
I am alive.
I am alive.
I am alive.
I am alive.
I am alive.
I am alive.
I am alive.
I am alive.
I am alive.
I am alive.
I am alive.
I am alive.
I am alive.
I am alive.
I am alive.
I am alive.
I am alive.
I am alive.
I am alive.
I am alive.
I am alive.
I am alive.
I am alive.
I am alive.
I am alive.
I am alive.
I am alive.
I am alive.
I am alive.
I am alive.
I am alive.
I am alive.
I am alive.
I am alive.
I am alive.
I am alive.
I am alive.
I am alive.
I am alive.
I am alive.
I am alive.
I am alive.
I am alive.
I am alive.
I am alive.
I am alive.
I am alive.
I am alive.
I am alive.
I am alive.
I am alive.
I am alive.
I am alive.
I am alive.
I am alive.
I am alive.
I am alive.
I am alive.
I am alive.
I am alive.
I am alive.
I am alive.
I am alive.
I am alive.
I am alive.
I am alive.
I am alive.
I am alive.
I am alive.
I am alive.
I am alive.
I am alive.
I am alive.
I am alive.
I am alive.
I am alive.
I am alive.
I am alive.
I am alive.
I am alive.
I am alive.
I am alive.
I am alive.
I am alive.
I am alive.
I am alive.
I am alive.
I am alive.
I am alive.
I am alive.
I am alive.
I am alive.
I am alive.
I am alive.
I am alive.
I am alive.
I am alive.
I am alive.
I am alive.
I am alive.
I am alive.
I am alive.
I am alive.
I am alive.
I am alive.
I am alive.
I am alive.
I am alive.
I am alive.
I am alive.
I am alive.
I am alive.
I am alive.
I am alive.
I am alive.
I am alive.
I am alive.
I am alive.
I am alive.
I am alive.
I am alive.
I am alive.
I am alive.
I am alive.
I am alive.
I am alive.
I am alive.
I am alive.
I am alive.
I am alive.
I am alive.
I am alive.
I am alive.
I am alive.
I am alive.
I am alive.
I am alive.
I am alive.
I am alive.
I am alive.
I am alive.
I am alive.
I am alive.
I am alive.
I am alive.
I am alive.
I am alive.
I am alive.
I am alive.
I am alive.
I am alive.
I am alive.
I am alive.
I am alive.
I am alive.
I am alive.
I am alive.
I am alive.
I am alive.
I am alive.
I am alive.
I am alive.
I am alive.
I am alive.
I am alive.
I am alive.
I am alive.
I am alive.
I am alive.
I am alive.
I am alive.
I am alive.
I am alive.
I am alive.
I am alive.
I am alive.
I am alive.
I am alive.
I am alive.
I am alive.
I am alive.
I am alive.
I am alive.
I am alive.
I am alive.
I am alive.
I am alive.
I am alive.
I am alive.
I am alive.
I am alive.
I am alive.
I am alive.
I am alive.
I am alive.
I am alive.
I am alive.
I am alive.
I am alive.
I am alive.
I am alive.
I am alive.
I am alive.
I am alive.
I am alive.
I am alive.
I am alive.
I am alive.
I am alive.
I am alive.
I am alive.
I am alive.
I am alive.
I am alive.
I am alive.
I am alive.
I am alive.
I am alive.
I am alive.
I am alive.
I am alive.
I am alive.
I am alive.
I am alive.
I am alive.
I am alive.
I am alive.
I am alive.
I am alive.
I am alive.
I am alive.
I am alive.
I am alive.
I am alive.
I am alive.
I am alive.
I am alive.
I am alive.
I am alive.
I am alive.
I am alive.
I am alive.
I am alive.
I am alive.
I am alive.
I am alive.
I am alive.
I am alive.
I am alive.
I am alive.
I am alive.
I am alive.
I am alive.
I am alive.
I am alive.
I am alive.
I am alive.
I am alive.
I am alive.
I am alive.
I am alive.
I am alive.
I am alive.
I am alive.
I am alive.
I am alive.
I am alive.
I am alive.
I am alive.
I am alive.
I am alive.
I am alive.
I am alive.
I am alive.
I am alive.
I am alive.
I am alive.
I am alive.
I am alive.
I am alive.
I am alive.
I am alive.
I am alive.
I am alive.
I am alive.
I am alive.
I am alive.
I am alive.
I am alive.
I am alive.
I am alive.
I am alive.
I am alive.
I am alive.
I am alive.
I am alive.
I am alive.
I am alive.
I am alive.
I am alive.
I am alive.
I am alive.
I am alive.
I am alive.
I am alive.
I am alive.
I am alive.
I am alive.
I am alive.
I am alive.
I am alive.
I am alive.
I am alive.
I am alive.
I am alive.
I am alive.
I am alive.
I am alive.
I am alive.
I am alive.
I am alive.
I am alive.
I am alive.
I am alive.
I am alive.
I am alive.
I am alive.
I am alive.
I am alive.
I am alive.
I am alive.
I am alive.
I am alive.
I am alive.
I am alive.
I am alive.
I am alive.
I am alive.
I am alive.
I am alive.
I am alive.
I am alive.
I am alive.
I am alive.
I am alive.
I am alive.
I am alive.
I am alive.
I am alive.
I am alive.
I am alive.
I am alive.
I am alive.
I am alive.
I am alive.
I am alive.
I am alive.
I am alive.
I am alive.
I am alive.
I am alive.
I am alive.
I am alive.
I am alive.
I am alive.
I am alive.
I am alive.
I am alive.
I am alive.
I am alive.
I am alive.
I am alive.
I am alive.
I am alive.
I am alive.
I am alive.
I am alive.
I am alive.
I am alive.
I am alive.
I am alive.
I am alive.
I am alive.
I am alive.
I am alive.
I am alive.
I am alive.
I am alive.
I am alive.
I am alive.
I am alive.
I am alive.
I am alive.
I am alive.
I am alive.
I am alive.
I am alive.
I am alive.
I am alive.
I am alive.
I am alive.
I am alive.
I am alive.
I am alive.
I am alive.
I am alive.
I am alive.
I am alive.
I am alive.
I am alive.
I am alive.
I am alive.
I am alive.
I am alive.
I am alive.
I am alive.
I am alive.
I am alive.
I am alive.
I am alive.
I am alive.
I am alive.
I am alive.
I am alive.
I am alive.
I am alive.
I am alive.
I am alive.
I am alive.
I am alive.
I am alive.
I am alive.
I am alive.
I am alive.
I am alive.
I am alive.
I am alive.
I am alive.
I am alive.
I am alive.
I am alive.
I am alive.
I am alive.
I am alive.
I am alive.
I am alive.
I am alive.
I am alive.
I am alive.
I am alive.
I am alive.
I am alive.
I am alive.
I am alive.
I am alive.
I am alive.
I am alive.
I am alive.
I am alive.
I am alive.
I am alive.
I am alive.
I am alive.
I am alive.
I am alive.
I am alive.
I am alive.
I am alive.
I am alive.
I am alive.
I am alive.
I am alive.
I am alive.
I am alive.
I am alive.
I am alive.
I am alive.
I am alive.
I am alive.
I am alive.
I am alive.
I am alive.
I am alive.
I am alive.
I am alive.
I am alive.
I am alive.
I am alive.
I am alive.
I am alive.
I am alive.
I am alive.
I am alive.
I am alive.
I am alive.
I am alive.
I am alive.
I am alive.
I am alive.
I am alive.
I am alive.
I am alive.
I am alive.
I am alive.
I am alive.
I am alive.
I am alive.
I am alive.
I am alive.
I am alive.
I am alive.
I am alive.
I am alive.
I am alive.
I am alive.
I am alive.
I am alive.
I am alive.
I am alive.
I am alive.
I am alive.
I am alive.
I am alive.
I am alive.
I am alive.
I am alive.
I am alive.
I am alive.
I am alive.
I am alive.
I am alive.
I am alive.
I am alive.
I am alive.
I am alive.
I am alive.
I am alive.
I am alive.
I am alive.
I am alive.
I am alive.
I am alive.
I am alive.
I am alive.
I am alive.
I am alive.
I am alive.
I am alive.
I am alive.
I am alive.
I am alive.
I am alive.
I am alive.
I am alive.
I am alive.
I am alive.
I am alive.
I am alive.
I am alive.
I am alive.
I am alive.
I am alive.
I am alive.
I am alive.
I am alive.
I am alive.
I am alive.
I am alive.
I am alive.
I am alive.
I am alive.
I am alive.
I am alive.
I am alive.
I am alive.
I am alive.
I am alive.
I am alive.
I am alive.
I am alive.
I am alive.
I am alive.
I am alive.
I am alive.
I am alive.
I am alive.
I am alive.
I am alive.
I am alive.
I am alive.
I am alive.
I am alive.
I am alive.
I am alive.
I am alive.
I am alive.
I am alive.
I am alive.
I am alive.
I am alive.
I am alive.
I am alive.
I am alive.
I am alive.
I am alive.
I am alive.
I am alive.
I am alive.
I am alive.
I am alive.
I am alive.
I am alive.
I am alive.
I am alive.
I am alive.
I am alive.
I am alive.
I am alive.
I am alive.
I am alive.
I am alive.
I am alive.
I am alive.
I am alive.
I am alive.
I am alive.
I am alive.
I am alive.
I am alive.
I am alive.
I am alive.
I am alive.
I am alive.
I am alive.
I am alive.
I am alive.
I am alive.
I am alive.
I am alive.
I am alive.
I am alive.
I am alive.
I am alive.
I am alive.
I am alive.
I am alive.
I am alive.
I am alive.
I am alive.
I am alive.
I am alive.
I am alive.
I am alive.
I am alive.
I am alive.
I am alive.
I am alive.
I am alive.
I am alive.
I am alive.
I am alive.
I am alive.
I am alive.
I am alive.
I am alive.
I am alive.
I am alive.
I am alive.
I am alive.
I am alive.
I am alive.
I am alive.
I am alive.
I am alive.
I am alive.
I am alive.
I am alive.
I am alive.
I am alive.
I am alive.
I am alive.
I am alive.
I am alive.
I am alive.
I am alive.
I am alive.
I am alive.
I am alive.
I am alive.
I am alive.
I am alive.
I am alive.
I am alive.
I am alive.
I am alive.
I am alive.
I am alive.
I am alive.
I am alive.
I am alive.
I am alive.
I am alive.
I am alive.
I am alive.
I am alive.
I am alive.
I am alive.
I am alive.
I am alive.
I am alive.
I am alive.
I am alive.
I am alive.
I am alive.
I am alive.
I am alive.
I am alive.
I am alive.
I am alive.
I am alive.
I am alive.
I am alive.
I am alive.
I am alive.
I am alive.
I am alive.
I am alive.
I am alive.
I am alive.
I am alive.
I am alive.
I am alive.
I am alive.
I am alive.
I am alive.
I am alive.
I am alive.
I am alive.
I am alive.
I am alive.
I am alive.[CRUISE] change wallpaper cruise start...
[CRUISE] download wallpaper cruise start...
[CRUISER] start download time:  2017-05-09 23:20:00
I am alive.
I am alive.
I am alive.
I am alive.
I am alive.
I am alive.
I am alive.
I am alive.
I am alive.
I am alive.
I am alive.
I am alive.
I am alive.
I am alive.
I am alive.
I am alive.
I am alive.
I am alive.
I am alive.
I am alive.
I am alive.
I am alive.
I am alive.
I am alive.
I am alive.
I am alive.
I am alive.
I am alive.
I am alive.
I am alive.
I am alive.
I am alive.
I am alive.
I am alive.
I am alive.
I am alive.
I am alive.
I am alive.
I am alive.
I am alive.
I am alive.
I am alive.
I am alive.
I am alive.
I am alive.
I am alive.
I am alive.
I am alive.
I am alive.
I am alive.
I am alive.
I am alive.
I am alive.
I am alive.
I am alive.
I am alive.
I am alive.
I am alive.
I am alive.
I am alive.
I am alive.
I am alive.
I am alive.
I am alive.
I am alive.
I am alive.
I am alive.
I am alive.
I am alive.
I am alive.
I am alive.
I am alive.
I am alive.
I am alive.
I am alive.
I am alive.
I am alive.
I am alive.
I am alive.
I am alive.
I am alive.
I am alive.
I am alive.
I am alive.
I am alive.
I am alive.
I am alive.
I am alive.
I am alive.
I am alive.
I am alive.
I am alive.
I am alive.
I am alive.
I am alive.
I am alive.
I am alive.
I am alive.
I am alive.
I am alive.
I am alive.
I am alive.
I am alive.
I am alive.
I am alive.
I am alive.
I am alive.
I am alive.
I am alive.
I am alive.
I am alive.
I am alive.
I am alive.
I am alive.
I am alive.
I am alive.
I am alive.
I am alive.
I am alive.
I am alive.
I am alive.
I am alive.
I am alive.
I am alive.
I am alive.
I am alive.
I am alive.
I am alive.
I am alive.
I am alive.
I am alive.
I am alive.
I am alive.
I am alive.
I am alive.
I am alive.
I am alive.
I am alive.
I am alive.
I am alive.
I am alive.
I am alive.
I am alive.
I am alive.
I am alive.
I am alive.
I am alive.
I am alive.
I am alive.
I am alive.
I am alive.
I am alive.
I am alive.
I am alive.
I am alive.
I am alive.
I am alive.
I am alive.
I am alive.
I am alive.
I am alive.
I am alive.
I am alive.
I am alive.
I am alive.
I am alive.
I am alive.
I am alive.
I am alive.
I am alive.
I am alive.
I am alive.
I am alive.
I am alive.
I am alive.
I am alive.
I am alive.
I am alive.
I am alive.
I am alive.
I am alive.
I am alive.
I am alive.
I am alive.
I am alive.
I am alive.
I am alive.
I am alive.
I am alive.
I am alive.
I am alive.
I am alive.
I am alive.
I am alive.
I am alive.
I am alive.
I am alive.
I am alive.
I am alive.
I am alive.
I am alive.
I am alive.
I am alive.
I am alive.
I am alive.
I am alive.
I am alive.
I am alive.
I am alive.
I am alive.
I am alive.
I am alive.
I am alive.
I am alive.
I am alive.
I am alive.
I am alive.
I am alive.
I am alive.
I am alive.
I am alive.
I am alive.
I am alive.
I am alive.
I am alive.
I am alive.
I am alive.
I am alive.
I am alive.
I am alive.
I am alive.
I am alive.
I am alive.
I am alive.
I am alive.
I am alive.
I am alive.
I am alive.
I am alive.
I am alive.
I am alive.
I am alive.
I am alive.
I am alive.
I am alive.
I am alive.
I am alive.
I am alive.
I am alive.
I am alive.
I am alive.
I am alive.
I am alive.
I am alive.
I am alive.
I am alive.
I am alive.
I am alive.
I am alive.
I am alive.
I am alive.
I am alive.
I am alive.
I am alive.
I am alive.
I am alive.
I am alive.
I am alive.
I am alive.
I am alive.
I am alive.
I am alive.
I am alive.
I am alive.
I am alive.
I am alive.
I am alive.
I am alive.
I am alive.
I am alive.
I am alive.
I am alive.
I am alive.
I am alive.
I am alive.
I am alive.
I am alive.
I am alive.
I am alive.
I am alive.
I am alive.
I am alive.
I am alive.
I am alive.
I am alive.
I am alive.
I am alive.
I am alive.
I am alive.
I am alive.
I am alive.
I am alive.
I am alive.
I am alive.
I am alive.
I am alive.
I am alive.
I am alive.
I am alive.
I am alive.
I am alive.
I am alive.
I am alive.
I am alive.
I am alive.
I am alive.
I am alive.
I am alive.
I am alive.
I am alive.
I am alive.
I am alive.
I am alive.
I am alive.
I am alive.
I am alive.
I am alive.
I am alive.
I am alive.
I am alive.
I am alive.
I am alive.
I am alive.
I am alive.
I am alive.
I am alive.
I am alive.
I am alive.
I am alive.
I am alive.
I am alive.
I am alive.
I am alive.
I am alive.
I am alive.
I am alive.
I am alive.
I am alive.
I am alive.
I am alive.
I am alive.
I am alive.
I am alive.
I am alive.
I am alive.
I am alive.
I am alive.
I am alive.
I am alive.
I am alive.
I am alive.
I am alive.
I am alive.
I am alive.
I am alive.
I am alive.
I am alive.
I am alive.
I am alive.
I am alive.
I am alive.
I am alive.
I am alive.
I am alive.
I am alive.
I am alive.
I am alive.
I am alive.
I am alive.
I am alive.
I am alive.
I am alive.
I am alive.
I am alive.
I am alive.
I am alive.
I am alive.
I am alive.
I am alive.
I am alive.
I am alive.
I am alive.
I am alive.
I am alive.
I am alive.
I am alive.
I am alive.
I am alive.
I am alive.
I am alive.
I am alive.
I am alive.
I am alive.
I am alive.
I am alive.
I am alive.
I am alive.
I am alive.
I am alive.
I am alive.
I am alive.
I am alive.
I am alive.
I am alive.
I am alive.
I am alive.
I am alive.
I am alive.
I am alive.
I am alive.
I am alive.
I am alive.
I am alive.
I am alive.
I am alive.
I am alive.
I am alive.
I am alive.
I am alive.
I am alive.
I am alive.
I am alive.
I am alive.
I am alive.
I am alive.
I am alive.
I am alive.
I am alive.
I am alive.
I am alive.
I am alive.
I am alive.
[WALLPAPER SCRAPER] all images downloaded.!!!!!!
[CRUISER] start download time:  2017-05-09 23:20:00
I am alive.
I am alive.
I am alive.
I am alive.
I am alive.
I am alive.
I am alive.
I am alive.
I am alive.
I am alive.
I am alive.
I am alive.
I am alive.
I am alive.
I am alive.
I am alive.
I am alive.
I am alive.
I am alive.
I am alive.
I am alive.
I am alive.
I am alive.
I am alive.
I am alive.
I am alive.
I am alive.
I am alive.
I am alive.
I am alive.
I am alive.
I am alive.
I am alive.
I am alive.
I am alive.
I am alive.
I am alive.
I am alive.
I am alive.
I am alive.
I am alive.
I am alive.
I am alive.
I am alive.
I am alive.
I am alive.
I am alive.
I am alive.
I am alive.
I am alive.
I am alive.
I am alive.
I am alive.
I am alive.
I am alive.
I am alive.
I am alive.
I am alive.
I am alive.
I am alive.
I am alive.
I am alive.
I am alive.
I am alive.
I am alive.
I am alive.
I am alive.
I am alive.
I am alive.
I am alive.
I am alive.
I am alive.
I am alive.
I am alive.
I am alive.
I am alive.
I am alive.
I am alive.
I am alive.
I am alive.
I am alive.
I am alive.
I am alive.
I am alive.
I am alive.
I am alive.
I am alive.
I am alive.
I am alive.
I am alive.
I am alive.
I am alive.
I am alive.
I am alive.
I am alive.
I am alive.
I am alive.
I am alive.
I am alive.
I am alive.
I am alive.
I am alive.
I am alive.
I am alive.
I am alive.
I am alive.
I am alive.
I am alive.
I am alive.
I am alive.
I am alive.
I am alive.
I am alive.
I am alive.
I am alive.
I am alive.
I am alive.
I am alive.
I am alive.
I am alive.
I am alive.
I am alive.
I am alive.
I am alive.
I am alive.
I am alive.
I am alive.
I am alive.
I am alive.
I am alive.
I am alive.
I am alive.
I am alive.
I am alive.
I am alive.
I am alive.
I am alive.
I am alive.
I am alive.
I am alive.
I am alive.
I am alive.
I am alive.
I am alive.
I am alive.
I am alive.
I am alive.
I am alive.
I am alive.
I am alive.
I am alive.
I am alive.
I am alive.
I am alive.
I am alive.
I am alive.
I am alive.
I am alive.
I am alive.
I am alive.
I am alive.
I am alive.
I am alive.
I am alive.
I am alive.
I am alive.
I am alive.
I am alive.
I am alive.
I am alive.
I am alive.
I am alive.
I am alive.
I am alive.
I am alive.
I am alive.
I am alive.
I am alive.
I am alive.
I am alive.
I am alive.
I am alive.
I am alive.
I am alive.
I am alive.
I am alive.
I am alive.
I am alive.
I am alive.
I am alive.
I am alive.
I am alive.
I am alive.
I am alive.
I am alive.
I am alive.
I am alive.
I am alive.
I am alive.
I am alive.
I am alive.
I am alive.
I am alive.
I am alive.
I am alive.
I am alive.
I am alive.
I am alive.
I am alive.
I am alive.
I am alive.
I am alive.
I am alive.
I am alive.
I am alive.
I am alive.
I am alive.
I am alive.
I am alive.
I am alive.
I am alive.[CRUISE] change wallpaper cruise start...
[CRUISE] download wallpaper cruise start...
[CRUISER] start download time:  2017-05-11 23:20:00
I am alive.
I am alive.
I am alive.
I am alive.
I am alive.
I am alive.
I am alive.
I am alive.
I am alive.
I am alive.
I am alive.
I am alive.
I am alive.
I am alive.
I am alive.
I am alive.
I am alive.
I am alive.
I am alive.
I am alive.
I am alive.
I am alive.
I am alive.
I am alive.
I am alive.
I am alive.
I am alive.
I am alive.
I am alive.
I am alive.
I am alive.
I am alive.
I am alive.
I am alive.
I am alive.
I am alive.
I am alive.
I am alive.
I am alive.
I am alive.
I am alive.
I am alive.
I am alive.
I am alive.
I am alive.
I am alive.
I am alive.
I am alive.
I am alive.
I am alive.
I am alive.
I am alive.
I am alive.
I am alive.
I am alive.
I am alive.
I am alive.
I am alive.
I am alive.
I am alive.
I am alive.
I am alive.
I am alive.
I am alive.
I am alive.
I am alive.
I am alive.
I am alive.
I am alive.
I am alive.
I am alive.
I am alive.
I am alive.
I am alive.
I am alive.
I am alive.
I am alive.
I am alive.
I am alive.
I am alive.
I am alive.
I am alive.
I am alive.
I am alive.
I am alive.
I am alive.
I am alive.
I am alive.
I am alive.
I am alive.
I am alive.
I am alive.
I am alive.
I am alive.
I am alive.
I am alive.
I am alive.
I am alive.
I am alive.
I am alive.
I am alive.
I am alive.
I am alive.
I am alive.
I am alive.
I am alive.
I am alive.
I am alive.
I am alive.
I am alive.
I am alive.
I am alive.
I am alive.
I am alive.
I am alive.
I am alive.
I am alive.
I am alive.
I am alive.
I am alive.
I am alive.
I am alive.
I am alive.
I am alive.
I am alive.
I am alive.
I am alive.
I am alive.
I am alive.
I am alive.
I am alive.
I am alive.
I am alive.
I am alive.
I am alive.
I am alive.
I am alive.
I am alive.
I am alive.
I am alive.
I am alive.
I am alive.
I am alive.
I am alive.
I am alive.
I am alive.
I am alive.
I am alive.
I am alive.
I am alive.
I am alive.
I am alive.
I am alive.
I am alive.
I am alive.
I am alive.
I am alive.
I am alive.
I am alive.
I am alive.
I am alive.
I am alive.
I am alive.
I am alive.
I am alive.
I am alive.
I am alive.
I am alive.
I am alive.
I am alive.
I am alive.
I am alive.
I am alive.
I am alive.
I am alive.
I am alive.
I am alive.
I am alive.
I am alive.
I am alive.
I am alive.
I am alive.
I am alive.
I am alive.
I am alive.
I am alive.
I am alive.
I am alive.
I am alive.
I am alive.
I am alive.
I am alive.
I am alive.
I am alive.
I am alive.
I am alive.
I am alive.
I am alive.
I am alive.
I am alive.
I am alive.
I am alive.
I am alive.
I am alive.
I am alive.
I am alive.
I am alive.
I am alive.
I am alive.
I am alive.
I am alive.
I am alive.
I am alive.
I am alive.
I am alive.
I am alive.
I am alive.
I am alive.
I am alive.
I am alive.
I am alive.
I am alive.
I am alive.
I am alive.
I am alive.
I am alive.
I am alive.
I am alive.
I am alive.
I am alive.
I am alive.
I am alive.
I am alive.
I am alive.
I am alive.
I am alive.
I am alive.
I am alive.
I am alive.
I am alive.
I am alive.
I am alive.
I am alive.
I am alive.
I am alive.
I am alive.
I am alive.
I am alive.
I am alive.
I am alive.
I am alive.
I am alive.
I am alive.
I am alive.
I am alive.
I am alive.
I am alive.
I am alive.
I am alive.
I am alive.
I am alive.
I am alive.
I am alive.
I am alive.
I am alive.
I am alive.
I am alive.
I am alive.
I am alive.
I am alive.
I am alive.
I am alive.
I am alive.
I am alive.
I am alive.
I am alive.
I am alive.
I am alive.
I am alive.
I am alive.
I am alive.
I am alive.
I am alive.
I am alive.
I am alive.
I am alive.
I am alive.
I am alive.
I am alive.
I am alive.
I am alive.
I am alive.
I am alive.
I am alive.
I am alive.
I am alive.
I am alive.
I am alive.
I am alive.
I am alive.
I am alive.
I am alive.
I am alive.
I am alive.
I am alive.
I am alive.
I am alive.
I am alive.
I am alive.
I am alive.
I am alive.
I am alive.
I am alive.
I am alive.
I am alive.
I am alive.
I am alive.
I am alive.
I am alive.
I am alive.
I am alive.
I am alive.
I am alive.
I am alive.
I am alive.
I am alive.
I am alive.
I am alive.
I am alive.
I am alive.
I am alive.
I am alive.
I am alive.
I am alive.
I am alive.
I am alive.
I am alive.
I am alive.
I am alive.
I am alive.
I am alive.
I am alive.
I am alive.
I am alive.
I am alive.
I am alive.
I am alive.
I am alive.
I am alive.
I am alive.
I am alive.
I am alive.
I am alive.
I am alive.
I am alive.
I am alive.
I am alive.
I am alive.
I am alive.
I am alive.
I am alive.
I am alive.
I am alive.
I am alive.
I am alive.
I am alive.
I am alive.
I am alive.
I am alive.
I am alive.
I am alive.
I am alive.
I am alive.
I am alive.
I am alive.
I am alive.
I am alive.
I am alive.
I am alive.
I am alive.
I am alive.
I am alive.
I am alive.
I am alive.
I am alive.
I am alive.
I am alive.
I am alive.
I am alive.
I am alive.
I am alive.
I am alive.
I am alive.
I am alive.
I am alive.
I am alive.
I am alive.
I am alive.
I am alive.
I am alive.
I am alive.
I am alive.
I am alive.
I am alive.
I am alive.
I am alive.
I am alive.
I am alive.
I am alive.
I am alive.
I am alive.
I am alive.
I am alive.
I am alive.
I am alive.
I am alive.
I am alive.
I am alive.
I am alive.
I am alive.
I am alive.
I am alive.
I am alive.
I am alive.
I am alive.
I am alive.
I am alive.
I am alive.
I am alive.
I am alive.
I am alive.
I am alive.
I am alive.
I am alive.
I am alive.
I am alive.
I am alive.
I am alive.
I am alive.
I am alive.
I am alive.
I am alive.
I am alive.
I am alive.
I am alive.
I am alive.
I am alive.
I am alive.
I am alive.
I am alive.
I am alive.
I am alive.
I am alive.
I am alive.
I am alive.
I am alive.
I am alive.
I am alive.
I am alive.
I am alive.
I am alive.
I am alive.
I am alive.
I am alive.
I am alive.
I am alive.
I am alive.
I am alive.
I am alive.
I am alive.
I am alive.
I am alive.
I am alive.
I am alive.
I am alive.
I am alive.
I am alive.
I am alive.
I am alive.
I am alive.
I am alive.
I am alive.
I am alive.
I am alive.
I am alive.
I am alive.
I am alive.
I am alive.
I am alive.
I am alive.
I am alive.
I am alive.
I am alive.
I am alive.
I am alive.
I am alive.
I am alive.
I am alive.
I am alive.
I am alive.
I am alive.
I am alive.
I am alive.
I am alive.
I am alive.
I am alive.
I am alive.
I am alive.
I am alive.
I am alive.
I am alive.
I am alive.
I am alive.
I am alive.
I am alive.
I am alive.
I am alive.
I am alive.
I am alive.
I am alive.
I am alive.
I am alive.
I am alive.
I am alive.
I am alive.
I am alive.
I am alive.
I am alive.
I am alive.
I am alive.
I am alive.
I am alive.
I am alive.
I am alive.
I am alive.
I am alive.
I am alive.
I am alive.
I am alive.
I am alive.
I am alive.
I am alive.
I am alive.
I am alive.
I am alive.
I am alive.
I am alive.
I am alive.
I am alive.
I am alive.
I am alive.
I am alive.
I am alive.
I am alive.
I am alive.
I am alive.
I am alive.
I am alive.
I am alive.
I am alive.
I am alive.
I am alive.
I am alive.
I am alive.
I am alive.
I am alive.
I am alive.
I am alive.
I am alive.
I am alive.
I am alive.
I am alive.
I am alive.
I am alive.
I am alive.
I am alive.
I am alive.
I am alive.
I am alive.
I am alive.
I am alive.
I am alive.
I am alive.
I am alive.
I am alive.
I am alive.
I am alive.
I am alive.
I am alive.
I am alive.
I am alive.
I am alive.
I am alive.
I am alive.
I am alive.
I am alive.
I am alive.
I am alive.
I am alive.
I am alive.
I am alive.
I am alive.
I am alive.
I am alive.
I am alive.
I am alive.
I am alive.
I am alive.
I am alive.
I am alive.
I am alive.
I am alive.
I am alive.
I am alive.
I am alive.
I am alive.
I am alive.
I am alive.
I am alive.
I am alive.
I am alive.
I am alive.
I am alive.
I am alive.
I am alive.
I am alive.
I am alive.
I am alive.
I am alive.
I am alive.
I am alive.
I am alive.
I am alive.
I am alive.
I am alive.
I am alive.
I am alive.
I am alive.
I am alive.
I am alive.
I am alive.
I am alive.
I am alive.
I am alive.
I am alive.
I am alive.
I am alive.
I am alive.
I am alive.
I am alive.
I am alive.
I am alive.
I am alive.
I am alive.
I am alive.
I am alive.
I am alive.
I am alive.
I am alive.
I am alive.
I am alive.
I am alive.
I am alive.
I am alive.
I am alive.
I am alive.
I am alive.
I am alive.
I am alive.
I am alive.
I am alive.
I am alive.